<?xml version="1.0" encoding="UTF-8" ?>
<testsuite failures="0" time="0.708" errors="0" skipped="0" tests="4" name="org.opencastproject.ingest.impl.IngestServiceImplTest">
  <properties>
[...]
</properties>
  <testcase time="0.462" classname="org.opencastproject.ingest.impl.IngestServiceImplTest" name="testThinClient"/>
  <testcase time="0.107" classname="org.opencastproject.ingest.impl.IngestServiceImplTest" name="testThickClient"/>
  <testcase time="0.023" classname="org.opencastproject.ingest.impl.IngestServiceImplTest" name="testThickClientOldMP"/>
  <testcase time="0.103" classname="org.opencastproject.ingest.impl.IngestServiceImplTest" name="testStartOver"/>
</testsuite>