<?xml version="1.0" encoding="UTF-8" ?>
<testsuite failures="0" time="2.585" errors="0" skipped="0" tests="3" name="org.opencastproject.scheduler.impl.persistence.SchedulerServiceDatabaseImplTest">
  <properties>
[...]
</properties>
  <testcase time="2.126" classname="org.opencastproject.scheduler.impl.persistence.SchedulerServiceDatabaseImplTest" name="testStoringAndDeleting"/>
  <testcase time="0.193" classname="org.opencastproject.scheduler.impl.persistence.SchedulerServiceDatabaseImplTest" name="testMergingAndRetrieving"/>
  <testcase time="0.212" classname="org.opencastproject.scheduler.impl.persistence.SchedulerServiceDatabaseImplTest" name="testMetadataAdding"/>
</testsuite>